Build started 18/11/2015 00:58:51.
     1>Project "G:\College\Year 4\Graphics\Assignments\Assignment A Robot Arm\C00170460-RobotArm\2DRobotArm\2DRobotArm\2DRobotArm.vcxproj" on node 2 (Build target(s)).
     1>ClCompile:
         C:\Program Files (x86)\Microsoft Visual Studio 12.0\VC\bin\CL.exe /c /I"C:\Program Files\SFML\SFML-2.3.2\include" /ZI /nologo /W3 /WX- /sdl /Od /Oy- /D _MBCS /Gm /EHsc /RTC1 /MDd /GS /fp:precise /Zc:wchar_t /Zc:forScope /Fo"Debug\\" /Fd"Debug\vc120.pdb" /Gd /TP /analyze- /errorReport:prompt Main.cpp
         Main.cpp
     1>g:\college\year 4\graphics\assignments\assignment a robot arm\c00170460-robotarm\2drobotarm\2drobotarm\main.cpp(46): warning C4244: 'argument' : conversion from 'const float' to 'unsigned int', possible loss of data
       Link:
         C:\Program Files (x86)\Microsoft Visual Studio 12.0\VC\bin\link.exe /ERRORREPORT:PROMPT /OUT:"G:\College\Year 4\Graphics\Assignments\Assignment A Robot Arm\C00170460-RobotArm\2DRobotArm\Debug\2DRobotArm.exe" /INCREMENTAL /NOLOGO /LIBPATH:"C:\Program Files\SFML\SFML-2.3.2\lib" kernel32.lib user32.lib gdi32.lib winspool.lib comdlg32.lib advapi32.lib shell32.lib ole32.lib oleaut32.lib uuid.lib odbc32.lib odbccp32.lib "sfml-graphics.lib" "sfml-window.lib" "sfml-system.lib" kernel32.lib user32.lib gdi32.lib winspool.lib comdlg32.lib advapi32.lib shell32.lib ole32.lib oleaut32.lib uuid.lib odbc32.lib odbccp32.lib /MANIFEST /MANIFESTUAC:"level='asInvoker' uiAccess='false'" /manifest:embed /DEBUG /PDB:"G:\College\Year 4\Graphics\Assignments\Assignment A Robot Arm\C00170460-RobotArm\2DRobotArm\Debug\2DRobotArm.pdb" /TLBID:1 /DYNAMICBASE /NXCOMPAT /IMPLIB:"G:\College\Year 4\Graphics\Assignments\Assignment A Robot Arm\C00170460-RobotArm\2DRobotArm\Debug\2DRobotArm.lib" /MACHINE:X86 Debug\Body.obj
         Debug\ClawGrips.obj
         Debug\LowArm.obj
         Debug\Main.obj
         Debug\Pivot.obj
         Debug\ShapeBridge.obj
         Debug\UpperArm.obj
     1>sfml-graphics.lib(sfml-graphics-2.dll) : fatal error LNK1112: module machine type 'x64' conflicts with target machine type 'X86'
     1>Done Building Project "G:\College\Year 4\Graphics\Assignments\Assignment A Robot Arm\C00170460-RobotArm\2DRobotArm\2DRobotArm\2DRobotArm.vcxproj" (Build target(s)) -- FAILED.

Build FAILED.

Time Elapsed 00:00:00.80
